This is pdfTeX, Version 3.141592653-2.6-1.40.24 (TeX Live 2022) (preloaded format=pdflatex 2022.7.11)  25 JUL 2022 12:07
entering extended mode
 restricted \write18 enabled.
 %&-line parsing enabled.
**thesis.tex
(./thesis.tex
LaTeX2e <2022-06-01> patch level 5
L3 programming layer <2022-07-04> (./reedthesis.cls
Document Class: reedthesis 2004/01/27 The Reed College Thesis Class
(/Users/marcblauert/Library/TinyTeX/texmf-dist/tex/latex/base/book.cls
Document Class: book 2021/10/04 v1.4n Standard LaTeX document class
(/Users/marcblauert/Library/TinyTeX/texmf-dist/tex/latex/base/bk12.clo
File: bk12.clo 2021/10/04 v1.4n Standard LaTeX file (size option)
)
\c@part=\count185
\c@chapter=\count186
\c@section=\count187
\c@subsection=\count188
\c@subsubsection=\count189
\c@paragraph=\count190
\c@subparagraph=\count191
\c@figure=\count192
\c@table=\count193
\abovecaptionskip=\skip47
\belowcaptionskip=\skip48
\bibindent=\dimen138
) (/Users/marcblauert/Library/TinyTeX/texmf-dist/tex/latex/fancyhdr/fancyhdr.sty
Package: fancyhdr 2022/05/18 v4.0.3 Extensive control of page headers and footers
\f@nch@headwidth=\skip49
\f@nch@O@elh=\skip50
\f@nch@O@erh=\skip51
\f@nch@O@olh=\skip52
\f@nch@O@orh=\skip53
\f@nch@O@elf=\skip54
\f@nch@O@erf=\skip55
\f@nch@O@olf=\skip56
\f@nch@O@orf=\skip57
) (/Users/marcblauert/Library/TinyTeX/texmf-dist/tex/latex/fancyvrb/fancyvrb.sty
Package: fancyvrb 2022/06/06 4.5 verbatim text (tvz,hv)
(/Users/marcblauert/Library/TinyTeX/texmf-dist/tex/latex/graphics/keyval.sty
Package: keyval 2022/05/29 v1.15 key=value parser (DPC)
\KV@toks@=\toks16
)
\FV@CodeLineNo=\count194
\FV@InFile=\read2
\FV@TabBox=\box51
\c@FancyVerbLine=\count195
\FV@StepNumber=\count196
\FV@OutFile=\write3
) (/Users/marcblauert/Library/TinyTeX/texmf-dist/tex/generic/iftex/ifxetex.sty
Package: ifxetex 2019/10/25 v0.7 ifxetex legacy package. Use iftex instead.
(/Users/marcblauert/Library/TinyTeX/texmf-dist/tex/generic/iftex/iftex.sty
Package: iftex 2022/02/03 v1.0f TeX engine tests
)) (/Users/marcblauert/Library/TinyTeX/texmf-dist/tex/generic/iftex/ifluatex.sty
Package: ifluatex 2019/10/25 v1.5 ifluatex legacy package. Use iftex instead.
) (/Users/marcblauert/Library/TinyTeX/texmf-dist/tex/latex/base/fixltx2e.sty
Package: fixltx2e 2016/12/29 v2.1a fixes to LaTeX (obsolete)
Applying: [2015/01/01] Old fixltx2e package on input line 46.

Package fixltx2e Warning: fixltx2e is not required with releases after 2015
(fixltx2e)                All fixes are now in the LaTeX kernel.
(fixltx2e)                See the latexrelease package for details.

Already applied: [0000/00/00] Old fixltx2e package on input line 53.
) (/Users/marcblauert/Library/TinyTeX/texmf-dist/tex/latex/multirow/multirow.sty
Package: multirow 2021/03/15 v2.8 Span multiple rows of a table
\multirow@colwidth=\skip58
\multirow@cntb=\count197
\multirow@dima=\skip59
\bigstrutjot=\dimen139
) (/Users/marcblauert/Library/TinyTeX/texmf-dist/tex/latex/tools/longtable.sty
Package: longtable 2021-09-01 v4.17 Multi-page Table package (DPC)
\LTleft=\skip60
\LTright=\skip61
\LTpre=\skip62
\LTpost=\skip63
\LTchunksize=\count198
\LTcapwidth=\dimen140
\LT@head=\box52
\LT@firsthead=\box53
\LT@foot=\box54
\LT@lastfoot=\box55
\LT@gbox=\box56
\LT@cols=\count199
\LT@rows=\count266
\c@LT@tables=\count267
\c@LT@chunks=\count268
\LT@p@ftn=\toks17
) (/Users/marcblauert/Library/TinyTeX/texmf-dist/tex/latex/graphics/graphicx.sty
Package: graphicx 2021/09/16 v1.2d Enhanced LaTeX Graphics (DPC,SPQR)
(/Users/marcblauert/Library/TinyTeX/texmf-dist/tex/latex/graphics/graphics.sty
Package: graphics 2022/03/10 v1.4e Standard LaTeX Graphics (DPC,SPQR)
(/Users/marcblauert/Library/TinyTeX/texmf-dist/tex/latex/graphics/trig.sty
Package: trig 2021/08/11 v1.11 sin cos tan (DPC)
) (/Users/marcblauert/Library/TinyTeX/texmf-dist/tex/latex/graphics-cfg/graphics.cfg
File: graphics.cfg 2016/06/04 v1.11 sample graphics configuration
)
Package graphics Info: Driver file: pdftex.def on input line 107.
(/Users/marcblauert/Library/TinyTeX/texmf-dist/tex/latex/graphics-def/pdftex.def
File: pdftex.def 2020/10/05 v1.2a Graphics/color driver for pdftex
))
\Gin@req@height=\dimen141
\Gin@req@width=\dimen142
) (/Users/marcblauert/Library/TinyTeX/texmf-dist/tex/latex/tools/tabularx.sty
Package: tabularx 2020/01/15 v2.11c `tabularx' package (DPC)
(/Users/marcblauert/Library/TinyTeX/texmf-dist/tex/latex/tools/array.sty
Package: array 2022/03/10 v2.5f Tabular extension package (FMi)
\col@sep=\dimen143
\ar@mcellbox=\box57
\extrarowheight=\dimen144
\NC@list=\toks18
\extratabsurround=\skip64
\backup@length=\skip65
\ar@cellbox=\box58
)
\TX@col@width=\dimen145
\TX@old@table=\dimen146
\TX@old@col=\dimen147
\TX@target=\dimen148
\TX@delta=\dimen149
\TX@cols=\count269
\TX@ftn=\toks19
) (/Users/marcblauert/Library/TinyTeX/texmf-dist/tex/latex/booktabs/booktabs.sty
Package: booktabs 2020/01/12 v1.61803398 Publication quality tables
\heavyrulewidth=\dimen150
\lightrulewidth=\dimen151
\cmidrulewidth=\dimen152
\belowrulesep=\dimen153
\belowbottomsep=\dimen154
\aboverulesep=\dimen155
\abovetopsep=\dimen156
\cmidrulesep=\dimen157
\cmidrulekern=\dimen158
\defaultaddspace=\dimen159
\@cmidla=\count270
\@cmidlb=\count271
\@aboverulesep=\dimen160
\@belowrulesep=\dimen161
\@thisruleclass=\count272
\@lastruleclass=\count273
\@thisrulewidth=\dimen162
) (/Users/marcblauert/Library/TinyTeX/texmf-dist/tex/latex/adjustbox/adjustbox.sty
Package: adjustbox 2020/08/19 v1.3 Adjusting TeX boxes (trim, clip, ...)
(/Users/marcblauert/Library/TinyTeX/texmf-dist/tex/latex/xkeyval/xkeyval.sty
Package: xkeyval 2022/06/16 v2.9 package option processing (HA)
(/Users/marcblauert/Library/TinyTeX/texmf-dist/tex/generic/xkeyval/xkeyval.tex (/Users/marcblauert/Library/TinyTeX/texmf-dist/tex/generic/xkeyval/xkvutils.tex
\XKV@toks=\toks20
\XKV@tempa@toks=\toks21
)
\XKV@depth=\count274
File: xkeyval.tex 2014/12/03 v2.7a key=value parser (HA)
)) (/Users/marcblauert/Library/TinyTeX/texmf-dist/tex/latex/adjustbox/adjcalc.sty
Package: adjcalc 2012/05/16 v1.1 Provides advanced setlength with multiple back-ends (calc, etex, pgfmath)
) (/Users/marcblauert/Library/TinyTeX/texmf-dist/tex/latex/adjustbox/trimclip.sty
Package: trimclip 2020/08/19 v1.2 Trim and clip general TeX material
(/Users/marcblauert/Library/TinyTeX/texmf-dist/tex/latex/collectbox/collectbox.sty
Package: collectbox 2012/05/17 v0.4b Collect macro arguments as boxes
\collectedbox=\box59
)
\tc@llx=\dimen163
\tc@lly=\dimen164
\tc@urx=\dimen165
\tc@ury=\dimen166
Package trimclip Info: Using driver 'tc-pdftex.def'.
(/Users/marcblauert/Library/TinyTeX/texmf-dist/tex/latex/adjustbox/tc-pdftex.def
File: tc-pdftex.def 2019/01/04 v2.2 Clipping driver for pdftex
))
\adjbox@Width=\dimen167
\adjbox@Height=\dimen168
\adjbox@Depth=\dimen169
\adjbox@Totalheight=\dimen170
\adjbox@pwidth=\dimen171
\adjbox@pheight=\dimen172
\adjbox@pdepth=\dimen173
\adjbox@ptotalheight=\dimen174
(/Users/marcblauert/Library/TinyTeX/texmf-dist/tex/latex/varwidth/varwidth.sty
Package: varwidth 2009/03/30 ver 0.92;  Variable-width minipages
\@vwid@box=\box60
\sift@deathcycles=\count275
\@vwid@loff=\dimen175
\@vwid@roff=\dimen176
)) (/Users/marcblauert/Library/TinyTeX/texmf-dist/tex/latex/graphics/lscape.sty
Package: lscape 2020/05/28 v3.02 Landscape Pages (DPC)
) (/Users/marcblauert/Library/TinyTeX/texmf-dist/tex/generic/ulem/ulem.sty
\UL@box=\box61
\UL@hyphenbox=\box62
\UL@skip=\skip66
\UL@hook=\toks22
\UL@height=\dimen177
\UL@pe=\count276
\UL@pixel=\dimen178
\ULC@box=\box63
Package: ulem 2019/11/18
\ULdepth=\dimen179
) (/Users/marcblauert/Library/TinyTeX/texmf-dist/tex/latex/base/fontenc.sty
Package: fontenc 2021/04/29 v2.0v Standard LaTeX package
) (/Users/marcblauert/Library/TinyTeX/texmf-dist/tex/latex/base/inputenc.sty
Package: inputenc 2021/02/14 v1.3d Input encoding file
\inpenc@prehook=\toks23
\inpenc@posthook=\toks24
) (/Users/marcblauert/Library/TinyTeX/texmf-dist/tex/latex/graphics/color.sty
Package: color 2022/01/06 v1.3d Standard LaTeX Color (DPC)
(/Users/marcblauert/Library/TinyTeX/texmf-dist/tex/latex/graphics-cfg/color.cfg
File: color.cfg 2016/01/02 v1.6 sample color configuration
)
Package color Info: Driver file: pdftex.def on input line 149.
(/Users/marcblauert/Library/TinyTeX/texmf-dist/tex/latex/graphics/mathcolor.ltx)) (/Users/marcblauert/Library/TinyTeX/texmf-dist/tex/latex/framed/framed.sty
Package: framed 2011/10/22 v 0.96: framed or shaded text with page breaks
\OuterFrameSep=\skip67
\fb@frw=\dimen180
\fb@frh=\dimen181
\FrameRule=\dimen182
\FrameSep=\dimen183
)) (/Users/marcblauert/Library/TinyTeX/texmf-dist/tex/latex/base/latexsym.sty
Package: latexsym 1998/08/17 v2.2e Standard LaTeX package (lasy symbols)
\symlasy=\mathgroup4
LaTeX Font Info:    Overwriting symbol font `lasy' in version `bold'
(Font)                  U/lasy/m/n --> U/lasy/b/n on input line 52.
) (/Users/marcblauert/Library/TinyTeX/texmf-dist/tex/latex/amsmath/amsmath.sty
Package: amsmath 2022/04/08 v2.17n AMS math features
\@mathmargin=\skip68
For additional information on amsmath, use the `?' option.
(/Users/marcblauert/Library/TinyTeX/texmf-dist/tex/latex/amsmath/amstext.sty
Package: amstext 2021/08/26 v2.01 AMS text
(/Users/marcblauert/Library/TinyTeX/texmf-dist/tex/latex/amsmath/amsgen.sty
File: amsgen.sty 1999/11/30 v2.0 generic functions
\@emptytoks=\toks25
\ex@=\dimen184
)) (/Users/marcblauert/Library/TinyTeX/texmf-dist/tex/latex/amsmath/amsbsy.sty
Package: amsbsy 1999/11/29 v1.2d Bold Symbols
\pmbraise@=\dimen185
) (/Users/marcblauert/Library/TinyTeX/texmf-dist/tex/latex/amsmath/amsopn.sty
Package: amsopn 2022/04/08 v2.04 operator names
)
\inf@bad=\count277
LaTeX Info: Redefining \frac on input line 234.
\uproot@=\count278
\leftroot@=\count279
LaTeX Info: Redefining \overline on input line 399.
LaTeX Info: Redefining \colon on input line 410.
\classnum@=\count280
\DOTSCASE@=\count281
LaTeX Info: Redefining \ldots on input line 496.
LaTeX Info: Redefining \dots on input line 499.
LaTeX Info: Redefining \cdots on input line 620.
\Mathstrutbox@=\box64
\strutbox@=\box65
LaTeX Info: Redefining \big on input line 722.
LaTeX Info: Redefining \Big on input line 723.
LaTeX Info: Redefining \bigg on input line 724.
LaTeX Info: Redefining \Bigg on input line 725.
\big@size=\dimen186
LaTeX Font Info:    Redeclaring font encoding OML on input line 743.
LaTeX Font Info:    Redeclaring font encoding OMS on input line 744.
\macc@depth=\count282
LaTeX Info: Redefining \bmod on input line 905.
LaTeX Info: Redefining \pmod on input line 910.
LaTeX Info: Redefining \smash on input line 940.
LaTeX Info: Redefining \relbar on input line 970.
LaTeX Info: Redefining \Relbar on input line 971.
\c@MaxMatrixCols=\count283
\dotsspace@=\muskip16
\c@parentequation=\count284
\dspbrk@lvl=\count285
\tag@help=\toks26
\row@=\count286
\column@=\count287
\maxfields@=\count288
\andhelp@=\toks27
\eqnshift@=\dimen187
\alignsep@=\dimen188
\tagshift@=\dimen189
\tagwidth@=\dimen190
\totwidth@=\dimen191
\lineht@=\dimen192
\@envbody=\toks28
\multlinegap=\skip69
\multlinetaggap=\skip70
\mathdisplay@stack=\toks29
LaTeX Info: Redefining \[ on input line 2953.
LaTeX Info: Redefining \] on input line 2954.
) (/Users/marcblauert/Library/TinyTeX/texmf-dist/tex/latex/amsfonts/amssymb.sty
Package: amssymb 2013/01/14 v3.01 AMS font symbols
(/Users/marcblauert/Library/TinyTeX/texmf-dist/tex/latex/amsfonts/amsfonts.sty
Package: amsfonts 2013/01/14 v3.01 Basic AMSFonts support
\symAMSa=\mathgroup5
\symAMSb=\mathgroup6
LaTeX Font Info:    Redeclaring math symbol \hbar on input line 98.
LaTeX Font Info:    Overwriting math alphabet `\mathfrak' in version `bold'
(Font)                  U/euf/m/n --> U/euf/b/n on input line 106.
)) (/Users/marcblauert/Library/TinyTeX/texmf-dist/tex/latex/amscls/amsthm.sty
Package: amsthm 2020/05/29 v2.20.6
\thm@style=\toks30
\thm@bodyfont=\toks31
\thm@headfont=\toks32
\thm@notefont=\toks33
\thm@headpunct=\toks34
\thm@preskip=\skip71
\thm@postskip=\skip72
\thm@headsep=\skip73
\dth@everypar=\toks35
) (/Users/marcblauert/Library/TinyTeX/texmf-dist/tex/latex/setspace/setspace.sty
Package: setspace 2011/12/19 v6.7a set line spacing
) (./chemarr.sty
Package: chemarr 2001/06/22 v1.1 Chemical reaction arrows (HO)
) (/Users/marcblauert/Library/TinyTeX/texmf-dist/tex/latex/url/url.sty
\Urlmuskip=\muskip17
Package: url 2013/09/16  ver 3.4  Verb mode for urls, etc.
) (/Users/marcblauert/Library/TinyTeX/texmf-dist/tex/latex/hyperref/hyperref.sty
Package: hyperref 2022-06-20 v7.00s Hypertext links for LaTeX
(/Users/marcblauert/Library/TinyTeX/texmf-dist/tex/generic/ltxcmds/ltxcmds.sty
Package: ltxcmds 2020-05-10 v1.25 LaTeX kernel commands for general use (HO)
) (/Users/marcblauert/Library/TinyTeX/texmf-dist/tex/generic/pdftexcmds/pdftexcmds.sty
Package: pdftexcmds 2020-06-27 v0.33 Utility functions of pdfTeX for LuaTeX (HO)
(/Users/marcblauert/Library/TinyTeX/texmf-dist/tex/generic/infwarerr/infwarerr.sty
Package: infwarerr 2019/12/03 v1.5 Providing info/warning/error messages (HO)
)
Package pdftexcmds Info: \pdf@primitive is available.
Package pdftexcmds Info: \pdf@ifprimitive is available.
Package pdftexcmds Info: \pdfdraftmode found.
) (/Users/marcblauert/Library/TinyTeX/texmf-dist/tex/generic/kvsetkeys/kvsetkeys.sty
Package: kvsetkeys 2019/12/15 v1.18 Key value parser (HO)
) (/Users/marcblauert/Library/TinyTeX/texmf-dist/tex/generic/kvdefinekeys/kvdefinekeys.sty
Package: kvdefinekeys 2019-12-19 v1.6 Define keys (HO)
) (/Users/marcblauert/Library/TinyTeX/texmf-dist/tex/generic/pdfescape/pdfescape.sty
Package: pdfescape 2019/12/09 v1.15 Implements pdfTeX's escape features (HO)
) (/Users/marcblauert/Library/TinyTeX/texmf-dist/tex/latex/hycolor/hycolor.sty
Package: hycolor 2020-01-27 v1.10 Color options for hyperref/bookmark (HO)
) (/Users/marcblauert/Library/TinyTeX/texmf-dist/tex/latex/letltxmacro/letltxmacro.sty
Package: letltxmacro 2019/12/03 v1.6 Let assignment for LaTeX macros (HO)
) (/Users/marcblauert/Library/TinyTeX/texmf-dist/tex/latex/auxhook/auxhook.sty
Package: auxhook 2019-12-17 v1.6 Hooks for auxiliary files (HO)
) (/Users/marcblauert/Library/TinyTeX/texmf-dist/tex/latex/hyperref/nameref.sty
Package: nameref 2022-05-17 v2.50 Cross-referencing by name of section
(/Users/marcblauert/Library/TinyTeX/texmf-dist/tex/latex/refcount/refcount.sty
Package: refcount 2019/12/15 v3.6 Data extraction from label references (HO)
) (/Users/marcblauert/Library/TinyTeX/texmf-dist/tex/generic/gettitlestring/gettitlestring.sty
Package: gettitlestring 2019/12/15 v1.6 Cleanup title references (HO)
(/Users/marcblauert/Library/TinyTeX/texmf-dist/tex/latex/kvoptions/kvoptions.sty
Package: kvoptions 2022-06-15 v3.15 Key value format for package options (HO)
))
\c@section@level=\count289
)
\@linkdim=\dimen193
\Hy@linkcounter=\count290
\Hy@pagecounter=\count291
(/Users/marcblauert/Library/TinyTeX/texmf-dist/tex/latex/hyperref/pd1enc.def
File: pd1enc.def 2022-06-20 v7.00s Hyperref: PDFDocEncoding definition (HO)
Now handling font encoding PD1 ...
... no UTF-8 mapping file for font encoding PD1
) (/Users/marcblauert/Library/TinyTeX/texmf-dist/tex/generic/intcalc/intcalc.sty
Package: intcalc 2019/12/15 v1.3 Expandable calculations with integers (HO)
) (/Users/marcblauert/Library/TinyTeX/texmf-dist/tex/generic/etexcmds/etexcmds.sty
Package: etexcmds 2019/12/15 v1.7 Avoid name clashes with e-TeX commands (HO)
)
\Hy@SavedSpaceFactor=\count292
(/Users/marcblauert/Library/TinyTeX/texmf-dist/tex/latex/hyperref/puenc.def
File: puenc.def 2022-06-20 v7.00s Hyperref: PDF Unicode definition (HO)
Now handling font encoding PU ...
... no UTF-8 mapping file for font encoding PU
)
Package hyperref Info: Hyper figures OFF on input line 4162.
Package hyperref Info: Link nesting OFF on input line 4167.
Package hyperref Info: Hyper index ON on input line 4170.
Package hyperref Info: Plain pages OFF on input line 4177.
Package hyperref Info: Backreferencing OFF on input line 4182.
Package hyperref Info: Implicit mode ON; LaTeX internals redefined.
Package hyperref Info: Bookmarks ON on input line 4408.
\c@Hy@tempcnt=\count293
LaTeX Info: Redefining \url on input line 4746.
\XeTeXLinkMargin=\dimen194
(/Users/marcblauert/Library/TinyTeX/texmf-dist/tex/generic/bitset/bitset.sty
Package: bitset 2019/12/09 v1.3 Handle bit-vector datatype (HO)
(/Users/marcblauert/Library/TinyTeX/texmf-dist/tex/generic/bigintcalc/bigintcalc.sty
Package: bigintcalc 2019/12/15 v1.5 Expandable calculations on big integers (HO)
))
\Fld@menulength=\count294
\Field@Width=\dimen195
\Fld@charsize=\dimen196
Package hyperref Info: Hyper figures OFF on input line 6024.
Package hyperref Info: Link nesting OFF on input line 6029.
Package hyperref Info: Hyper index ON on input line 6032.
Package hyperref Info: backreferencing OFF on input line 6039.
Package hyperref Info: Link coloring OFF on input line 6044.
Package hyperref Info: Link coloring with OCG OFF on input line 6049.
Package hyperref Info: PDF/A mode OFF on input line 6054.
(/Users/marcblauert/Library/TinyTeX/texmf-dist/tex/latex/base/atbegshi-ltx.sty
Package: atbegshi-ltx 2021/01/10 v1.0c Emulation of the original atbegshi
package with kernel methods
)
\Hy@abspage=\count295
\c@Item=\count296
\c@Hfootnote=\count297
)
Package hyperref Info: Driver (autodetected): hpdftex.
(/Users/marcblauert/Library/TinyTeX/texmf-dist/tex/latex/hyperref/hpdftex.def
File: hpdftex.def 2022-06-20 v7.00s Hyperref driver for pdfTeX
(/Users/marcblauert/Library/TinyTeX/texmf-dist/tex/latex/base/atveryend-ltx.sty
Package: atveryend-ltx 2020/08/19 v1.0a Emulation of the original atveryend package
with kernel methods
)
\Fld@listcount=\count298
\c@bookmark@seq@number=\count299
(/Users/marcblauert/Library/TinyTeX/texmf-dist/tex/latex/rerunfilecheck/rerunfilecheck.sty
Package: rerunfilecheck 2019/12/05 v1.9 Rerun checks for auxiliary files (HO)
(/Users/marcblauert/Library/TinyTeX/texmf-dist/tex/generic/uniquecounter/uniquecounter.sty
Package: uniquecounter 2019/12/15 v1.4 Provide unlimited unique counter (HO)
)
Package uniquecounter Info: New unique counter `rerunfilecheck' on input line 286.
)
\Hy@SectionHShift=\skip74
) (/Users/marcblauert/Library/TinyTeX/texmf-dist/tex/latex/lm/lmodern.sty
Package: lmodern 2015/05/01 v1.6.1 Latin Modern Fonts
LaTeX Font Info:    Overwriting symbol font `operators' in version `normal'
(Font)                  OT1/cmr/m/n --> OT1/lmr/m/n on input line 22.
LaTeX Font Info:    Overwriting symbol font `letters' in version `normal'
(Font)                  OML/cmm/m/it --> OML/lmm/m/it on input line 23.
LaTeX Font Info:    Overwriting symbol font `symbols' in version `normal'
(Font)                  OMS/cmsy/m/n --> OMS/lmsy/m/n on input line 24.
LaTeX Font Info:    Overwriting symbol font `largesymbols' in version `normal'
(Font)                  OMX/cmex/m/n --> OMX/lmex/m/n on input line 25.
LaTeX Font Info:    Overwriting symbol font `operators' in version `bold'
(Font)                  OT1/cmr/bx/n --> OT1/lmr/bx/n on input line 26.
LaTeX Font Info:    Overwriting symbol font `letters' in version `bold'
(Font)                  OML/cmm/b/it --> OML/lmm/b/it on input line 27.
LaTeX Font Info:    Overwriting symbol font `symbols' in version `bold'
(Font)                  OMS/cmsy/b/n --> OMS/lmsy/b/n on input line 28.
LaTeX Font Info:    Overwriting symbol font `largesymbols' in version `bold'
(Font)                  OMX/cmex/m/n --> OMX/lmex/m/n on input line 29.
LaTeX Font Info:    Overwriting math alphabet `\mathbf' in version `normal'
(Font)                  OT1/cmr/bx/n --> OT1/lmr/bx/n on input line 31.
LaTeX Font Info:    Overwriting math alphabet `\mathsf' in version `normal'
(Font)                  OT1/cmss/m/n --> OT1/lmss/m/n on input line 32.
LaTeX Font Info:    Overwriting math alphabet `\mathit' in version `normal'
(Font)                  OT1/cmr/m/it --> OT1/lmr/m/it on input line 33.
LaTeX Font Info:    Overwriting math alphabet `\mathtt' in version `normal'
(Font)                  OT1/cmtt/m/n --> OT1/lmtt/m/n on input line 34.
LaTeX Font Info:    Overwriting math alphabet `\mathbf' in version `bold'
(Font)                  OT1/cmr/bx/n --> OT1/lmr/bx/n on input line 35.
LaTeX Font Info:    Overwriting math alphabet `\mathsf' in version `bold'
(Font)                  OT1/cmss/bx/n --> OT1/lmss/bx/n on input line 36.
LaTeX Font Info:    Overwriting math alphabet `\mathit' in version `bold'
(Font)                  OT1/cmr/bx/it --> OT1/lmr/bx/it on input line 37.
LaTeX Font Info:    Overwriting math alphabet `\mathtt' in version `bold'
(Font)                  OT1/cmtt/m/n --> OT1/lmtt/m/n on input line 38.
) (/Users/marcblauert/Library/TinyTeX/texmf-dist/tex/latex/float/float.sty
Package: float 2001/11/08 v1.3d Float enhancements (AL)
\c@float@type=\count300
\float@exts=\toks36
\float@box=\box66
\@float@everytoks=\toks37
\@floatcapt=\box67
) (/Users/marcblauert/Library/TinyTeX/texmf-dist/tex/latex/tools/calc.sty
Package: calc 2017/05/25 v4.3 Infix arithmetic (KKT,FJ)
\calc@Acount=\count301
\calc@Bcount=\count302
\calc@Adimen=\dimen197
\calc@Bdimen=\dimen198
\calc@Askip=\skip75
\calc@Bskip=\skip76
LaTeX Info: Redefining \setlength on input line 80.
LaTeX Info: Redefining \addtolength on input line 81.
\calc@Ccount=\count303
\calc@Cskip=\skip77
) (/Users/marcblauert/Library/TinyTeX/texmf-dist/tex/latex/graphics/rotating.sty
Package: rotating 2016/08/11 v2.16d rotated objects in LaTeX
(/Users/marcblauert/Library/TinyTeX/texmf-dist/tex/latex/base/ifthen.sty
Package: ifthen 2022/04/13 v1.1d Standard LaTeX ifthen package (DPC)
)
\c@r@tfl@t=\count304
\rotFPtop=\skip78
\rotFPbot=\skip79
\rot@float@box=\box68
\rot@mess@toks=\toks38
) (/Users/marcblauert/Library/TinyTeX/texmf-dist/tex/latex/caption/caption.sty
Package: caption 2022/03/01 v3.6b Customizing captions (AR)
(/Users/marcblauert/Library/TinyTeX/texmf-dist/tex/latex/caption/caption3.sty
Package: caption3 2022/03/17 v2.3b caption3 kernel (AR)
\caption@tempdima=\dimen199
\captionmargin=\dimen256
\caption@leftmargin=\dimen257
\caption@rightmargin=\dimen258
\caption@width=\dimen259
\caption@indent=\dimen260
\caption@parindent=\dimen261
\caption@hangindent=\dimen262
Package caption Info: Standard document class detected.
)
\c@caption@flags=\count305
\c@continuedfloat=\count306
Package caption Info: float package is loaded.
Package caption Info: hyperref package is loaded.
Package caption Info: longtable package is loaded.
(/Users/marcblauert/Library/TinyTeX/texmf-dist/tex/latex/caption/ltcaption.sty
Package: ltcaption 2021/01/08 v1.4c longtable captions (AR)
)
Package caption Info: rotating package is loaded.
)
\csllabelwidth=\skip80
\cslhangindent=\skip81
(/Users/marcblauert/Library/TinyTeX/texmf-dist/tex/latex/wrapfig/wrapfig.sty
\wrapoverhang=\dimen263
\WF@size=\dimen264
\c@WF@wrappedlines=\count307
\WF@box=\box69
\WF@everypar=\toks39
Package: wrapfig 2003/01/31  v 3.6
) (/Users/marcblauert/Library/TinyTeX/texmf-dist/tex/latex/colortbl/colortbl.sty
Package: colortbl 2020/01/04 v1.0e Color table columns (DPC)
\everycr=\toks40
\minrowclearance=\skip82
) (/Users/marcblauert/Library/TinyTeX/texmf-dist/tex/latex/pdflscape/pdflscape.sty
Package: pdflscape 2019/12/05 v0.12 Display of landscape pages in PDF (HO)
Package pdflscape Info: Auto-detected driver: pdftex on input line 81.
) (/Users/marcblauert/Library/TinyTeX/texmf-dist/tex/latex/tabu/tabu.sty
Package: tabu 2019/01/11 v2.9 - flexible LaTeX tabulars (FC+tabu-fixed)
\c@taburow=\count308
\tabu@nbcols=\count309
\tabu@cnt=\count310
\tabu@Xcol=\count311
\tabu@alloc=\count312
\tabu@nested=\count313
\tabu@target=\dimen265
\tabu@spreadtarget=\dimen266
\tabu@naturalX=\dimen267
\tabucolX=\dimen268
\tabu@Xsum=\dimen269
\extrarowdepth=\dimen270
\abovetabulinesep=\dimen271
\belowtabulinesep=\dimen272
\tabustrutrule=\dimen273
\tabu@thebody=\toks41
\tabu@footnotes=\toks42
\tabu@box=\box70
\tabu@arstrutbox=\box71
\tabu@hleads=\box72
\tabu@vleads=\box73
\tabu@cellskip=\skip83
) (/Users/marcblauert/Library/TinyTeX/texmf-dist/tex/latex/threeparttable/threeparttable.sty
Package: threeparttable 2003/06/13  v 3.0
\@tempboxb=\box74
) (/Users/marcblauert/Library/TinyTeX/texmf-dist/tex/latex/threeparttablex/threeparttablex.sty
Package: threeparttablex 2013/07/23 v0.3 by daleif
(/Users/marcblauert/Library/TinyTeX/texmf-dist/tex/latex/environ/environ.sty
Package: environ 2014/05/04 v0.3 A new way to define environments
(/Users/marcblauert/Library/TinyTeX/texmf-dist/tex/latex/trimspaces/trimspaces.sty
Package: trimspaces 2009/09/17 v1.1 Trim spaces around a token list
))
\TPTL@width=\skip84
) (/Users/marcblauert/Library/TinyTeX/texmf-dist/tex/latex/makecell/makecell.sty
Package: makecell 2009/08/03 V0.1e Managing of Tab Column Heads and Cells
\rotheadsize=\dimen274
\c@nlinenum=\count314
\TeXr@lab=\toks43
) (/Users/marcblauert/Library/TinyTeX/texmf-dist/tex/latex/xcolor/xcolor.sty
Package: xcolor 2022/06/12 v2.14 LaTeX color extensions (UK)
(/Users/marcblauert/Library/TinyTeX/texmf-dist/tex/latex/graphics-cfg/color.cfg
File: color.cfg 2016/01/02 v1.6 sample color configuration
)
Package xcolor Info: Driver file: pdftex.def on input line 227.
LaTeX Info: Redefining \color on input line 711.
(/Users/marcblauert/Library/TinyTeX/texmf-dist/tex/latex/graphics/mathcolor.ltx)
Package xcolor Info: Model `cmy' substituted by `cmy0' on input line 1353.
Package xcolor Info: Model `hsb' substituted by `rgb' on input line 1357.
Package xcolor Info: Model `RGB' extended on input line 1369.
Package xcolor Info: Model `HTML' substituted by `rgb' on input line 1371.
Package xcolor Info: Model `Hsb' substituted by `hsb' on input line 1372.
Package xcolor Info: Model `tHsb' substituted by `hsb' on input line 1373.
Package xcolor Info: Model `HSB' substituted by `hsb' on input line 1374.
Package xcolor Info: Model `Gray' substituted by `gray' on input line 1375.
Package xcolor Info: Model `wave' substituted by `hsb' on input line 1376.
)
   defining Unicode char U+2212 (decimal 8722)
LaTeX Font Info:    Trying to load font information for T1+lmr on input line 206.
(/Users/marcblauert/Library/TinyTeX/texmf-dist/tex/latex/lm/t1lmr.fd
File: t1lmr.fd 2015/05/01 v1.6.1 Font defs for Latin Modern
) (/Users/marcblauert/Library/TinyTeX/texmf-dist/tex/latex/l3backend/l3backend-pdftex.def
File: l3backend-pdftex.def 2022-07-01 L3 backend support: PDF output (pdfTeX)
\l__color_backend_stack_int=\count315
\l__pdf_internal_box=\box75
) (./thesis.aux)
\openout1 = `thesis.aux'.

LaTeX Font Info:    Checking defaults for OML/cmm/m/it on input line 206.
LaTeX Font Info:    ... okay on input line 206.
LaTeX Font Info:    Checking defaults for OMS/cmsy/m/n on input line 206.
LaTeX Font Info:    ... okay on input line 206.
LaTeX Font Info:    Checking defaults for OT1/cmr/m/n on input line 206.
LaTeX Font Info:    ... okay on input line 206.
LaTeX Font Info:    Checking defaults for T1/cmr/m/n on input line 206.
LaTeX Font Info:    ... okay on input line 206.
LaTeX Font Info:    Checking defaults for TS1/cmr/m/n on input line 206.
LaTeX Font Info:    ... okay on input line 206.
LaTeX Font Info:    Checking defaults for OMX/cmex/m/n on input line 206.
LaTeX Font Info:    ... okay on input line 206.
LaTeX Font Info:    Checking defaults for U/cmr/m/n on input line 206.
LaTeX Font Info:    ... okay on input line 206.
LaTeX Font Info:    Checking defaults for PD1/pdf/m/n on input line 206.
LaTeX Font Info:    ... okay on input line 206.
LaTeX Font Info:    Checking defaults for PU/pdf/m/n on input line 206.
LaTeX Font Info:    ... okay on input line 206.
(/Users/marcblauert/Library/TinyTeX/texmf-dist/tex/latex/epstopdf-pkg/epstopdf-base.sty
Package: epstopdf-base 2020-01-24 v2.11 Base part for package epstopdf
Package epstopdf-base Info: Redefining graphics rule for `.eps' on input line 485.
(/Users/marcblauert/Library/TinyTeX/texmf-dist/tex/latex/latexconfig/epstopdf-sys.cfg
File: epstopdf-sys.cfg 2010/07/13 v1.3 Configuration of (r)epstopdf for TeX Live
))
Package hyperref Info: Link coloring OFF on input line 206.
(./thesis.out) (./thesis.out)
\@outlinefile=\write4
\openout4 = `thesis.out'.

Package caption Info: Begin \AtBeginDocument code.
Package caption Info: threeparttable package is loaded.
Package caption Info: wrapfig package is loaded.
Package caption Info: End \AtBeginDocument code.
LaTeX Font Info:    Trying to load font information for OT1+lmr on input line 210.
(/Users/marcblauert/Library/TinyTeX/texmf-dist/tex/latex/lm/ot1lmr.fd
File: ot1lmr.fd 2015/05/01 v1.6.1 Font defs for Latin Modern
)
LaTeX Font Info:    Trying to load font information for OML+lmm on input line 210.
(/Users/marcblauert/Library/TinyTeX/texmf-dist/tex/latex/lm/omllmm.fd
File: omllmm.fd 2015/05/01 v1.6.1 Font defs for Latin Modern
)
LaTeX Font Info:    Trying to load font information for OMS+lmsy on input line 210.
(/Users/marcblauert/Library/TinyTeX/texmf-dist/tex/latex/lm/omslmsy.fd
File: omslmsy.fd 2015/05/01 v1.6.1 Font defs for Latin Modern
)
LaTeX Font Info:    Trying to load font information for OMX+lmex on input line 210.
(/Users/marcblauert/Library/TinyTeX/texmf-dist/tex/latex/lm/omxlmex.fd
File: omxlmex.fd 2015/05/01 v1.6.1 Font defs for Latin Modern
)
LaTeX Font Info:    External font `lmex10' loaded for size
(Font)              <12> on input line 210.
LaTeX Font Info:    External font `lmex10' loaded for size
(Font)              <8> on input line 210.
LaTeX Font Info:    External font `lmex10' loaded for size
(Font)              <6> on input line 210.
LaTeX Font Info:    Trying to load font information for U+lasy on input line 210.
(/Users/marcblauert/Library/TinyTeX/texmf-dist/tex/latex/base/ulasy.fd
File: ulasy.fd 1998/08/17 v2.2e LaTeX symbol font definitions
)
LaTeX Font Info:    Trying to load font information for U+msa on input line 210.
(/Users/marcblauert/Library/TinyTeX/texmf-dist/tex/latex/amsfonts/umsa.fd
File: umsa.fd 2013/01/14 v3.01 AMS symbols A
)
LaTeX Font Info:    Trying to load font information for U+msb on input line 210.
(/Users/marcblauert/Library/TinyTeX/texmf-dist/tex/latex/amsfonts/umsb.fd
File: umsb.fd 2013/01/14 v3.01 AMS symbols B
) [1
Non-PDF special ignored!
<special> !% Reed College LaTeX Thesis Class 2001/12/04 SN
Non-PDF special ignored!
<special> rawpostscript % Reed College LaTeX Thesis Class 2001/12/04 SN


{/Users/marcblauert/Library/TinyTeX/texmf-var/fonts/map/pdftex/updmap/pdftex.map}] [1


] (./thesis.toc)
\tf@toc=\write5
\openout5 = `thesis.toc'.

[2


] (./thesis.lot)
\tf@lot=\write6
\openout6 = `thesis.lot'.

[3

] (./thesis.lof [4

])
\tf@lof=\write7
\openout7 = `thesis.lof'.

[5]
LaTeX Font Info:    Trying to load font information for T1+lmtt on input line 241.
(/Users/marcblauert/Library/TinyTeX/texmf-dist/tex/latex/lm/t1lmtt.fd
File: t1lmtt.fd 2015/05/01 v1.6.1 Font defs for Latin Modern
)
LaTeX Font Info:    External font `lmex10' loaded for size
(Font)              <10> on input line 241.
LaTeX Font Info:    External font `lmex10' loaded for size
(Font)              <7> on input line 241.
LaTeX Font Info:    External font `lmex10' loaded for size
(Font)              <5> on input line 241.

Underfull \vbox (badness 10000) has occurred while \output is active []

[6

]
Chapter 1.

pdfTeX warning (ext4): destination with the same identifier (name{page.1}) has been already used, duplicate ignored
<to be read again> 
                   \relax 
l.259 O
       ver the past decades, there have been multiple trends in the resident... [1



]
LaTeX Font Info:    Trying to load font information for TS1+lmr on input line 261.
(/Users/marcblauert/Library/TinyTeX/texmf-dist/tex/latex/lm/ts1lmr.fd
File: ts1lmr.fd 2015/05/01 v1.6.1 Font defs for Latin Modern
)
Underfull \vbox (badness 7759) has occurred while \output is active []

[2] [3]
<figure/price_effect_behg.pdf, id=288, 716.6775pt x 375.4025pt>
File: figure/price_effect_behg.pdf Graphic file (type pdf)
<use figure/price_effect_behg.pdf>
Package pdftex.def Info: figure/price_effect_behg.pdf  used on input line 285.
(pdftex.def)             Requested size: 433.62pt x 227.13925pt.
[4] [5 <./figure/price_effect_behg.pdf>]
Underfull \vbox (badness 2111) has occurred while \output is active []

[6] [7]
Chapter 2.
[8

]
<figure/elasticities_plot.pdf, id=386, 505.89pt x 361.35pt>
File: figure/elasticities_plot.pdf Graphic file (type pdf)
<use figure/elasticities_plot.pdf>
Package pdftex.def Info: figure/elasticities_plot.pdf  used on input line 349.
(pdftex.def)             Requested size: 433.62pt x 309.7349pt.

Underfull \vbox (badness 10000) has occurred while \output is active []

[9] [10 <./figure/elasticities_plot.pdf>]
Underfull \vbox (badness 10000) has occurred while \output is active []

[11] [12]
Underfull \vbox (badness 10000) has occurred while \output is active []

[13]

LaTeX Warning: No positions in optional float specifier.
               Default added (so using `tbp') on input line 389.


Underfull \vbox (badness 10000) has occurred while \output is active []

[14] [15]
Underfull \vbox (badness 10000) has occurred while \output is active []

[16]
<figure/plot_literature_estimates.pdf, id=498, 505.89pt x 216.81pt>
File: figure/plot_literature_estimates.pdf Graphic file (type pdf)
<use figure/plot_literature_estimates.pdf>
Package pdftex.def Info: figure/plot_literature_estimates.pdf  used on input line 432.
(pdftex.def)             Requested size: 433.62pt x 185.84093pt.

Underfull \vbox (badness 2181) has occurred while \output is active []

[17 <./figure/plot_literature_estimates.pdf>]
<figure/dag_red.pdf, id=520, 796.9775pt x 542.025pt>
File: figure/dag_red.pdf Graphic file (type pdf)
<use figure/dag_red.pdf>
Package pdftex.def Info: figure/dag_red.pdf  used on input line 452.
(pdftex.def)             Requested size: 433.62pt x 294.90565pt.
[18] [19 <./figure/dag_red.pdf>]
Underfull \vbox (badness 2111) has occurred while \output is active []

[20]
Underfull \vbox (badness 10000) has occurred while \output is active []

[21] [22]
Chapter 3.
[23

]
Underfull \vbox (badness 6859) has occurred while \output is active []

[24]

LaTeX Warning: Reference `workflow' on page 25 undefined on input line 500.


LaTeX Warning: No positions in optional float specifier.
               Default added (so using `tbp') on input line 503.


Underfull \hbox (badness 10000) in paragraph at lines 502--530

 []


Underfull \vbox (badness 2119) has occurred while \output is active []

[25] [26] [27]
Underfull \vbox (badness 10000) has occurred while \output is active []

[28]
Underfull \vbox (badness 10000) has occurred while \output is active []

[29]
<figure/workflow_diagramm_part1.pdf, id=659, 767.86874pt x 542.025pt>
File: figure/workflow_diagramm_part1.pdf Graphic file (type pdf)
<use figure/workflow_diagramm_part1.pdf>
Package pdftex.def Info: figure/workflow_diagramm_part1.pdf  used on input line 572.
(pdftex.def)             Requested size: 446.62805pt x 315.27621pt.

Overfull \hbox (13.00806pt too wide) in paragraph at lines 572--573
 [][] 
 []


Underfull \vbox (badness 10000) has occurred while \output is active []

[30] [31 <./figure/workflow_diagramm_part1.pdf>]
Underfull \vbox (badness 10000) has occurred while \output is active []

[32]
Underfull \vbox (badness 10000) has occurred while \output is active []

[33]
Underfull \vbox (badness 10000) has occurred while \output is active []

[34]
<figure/workflow_diagramm_part2.pdf, id=730, 767.86874pt x 426.59375pt>
File: figure/workflow_diagramm_part2.pdf Graphic file (type pdf)
<use figure/workflow_diagramm_part2.pdf>
Package pdftex.def Info: figure/workflow_diagramm_part2.pdf  used on input line 624.
(pdftex.def)             Requested size: 446.62805pt x 248.13405pt.

Overfull \hbox (13.00806pt too wide) in paragraph at lines 624--625
 [][] 
 []


Underfull \vbox (badness 10000) has occurred while \output is active []

[35]
Underfull \vbox (badness 10000) has occurred while \output is active []

[36 <./figure/workflow_diagramm_part2.pdf>]
Overfull \hbox (29.42029pt too wide) detected at line 644
[]
 []

[37]
Overfull \hbox (38.5593pt too wide) detected at line 663
[]
 []


LaTeX Warning: Reference `workflow' on page 38 undefined on input line 673.

<figure/occurance_buildings.pdf, id=787, 424.58624pt x 228.855pt>
File: figure/occurance_buildings.pdf Graphic file (type pdf)
<use figure/occurance_buildings.pdf>
Package pdftex.def Info: figure/occurance_buildings.pdf  used on input line 676.
(pdftex.def)             Requested size: 325.215pt x 175.30048pt.

Underfull \vbox (badness 1281) has occurred while \output is active []

[38]
<figure/buildings_distribution.pdf, id=798, 462.72874pt x 572.1375pt>
File: figure/buildings_distribution.pdf Graphic file (type pdf)
<use figure/buildings_distribution.pdf>
Package pdftex.def Info: figure/buildings_distribution.pdf  used on input line 689.
(pdftex.def)             Requested size: 333.88924pt x 412.83788pt.
[39 <./figure/occurance_buildings.pdf>]

LaTeX Warning: No positions in optional float specifier.
               Default added (so using `tbp') on input line 698.

[40 <./figure/buildings_distribution.pdf>]
<figure/demand_descriptive.pdf, id=836, 677.53125pt x 448.67625pt>
File: figure/demand_descriptive.pdf Graphic file (type pdf)
<use figure/demand_descriptive.pdf>
Package pdftex.def Info: figure/demand_descriptive.pdf  used on input line 743.
(pdftex.def)             Requested size: 433.62pt x 287.15866pt.

Underfull \vbox (badness 10000) has occurred while \output is active []

[41] [42 <./figure/demand_descriptive.pdf>]
<figure/prices_descriptive.pdf, id=865, 578.16pt x 505.89pt>
File: figure/prices_descriptive.pdf Graphic file (type pdf)
<use figure/prices_descriptive.pdf>
Package pdftex.def Info: figure/prices_descriptive.pdf  used on input line 754.
(pdftex.def)             Requested size: 433.62pt x 379.41655pt.

Underfull \vbox (badness 10000) has occurred while \output is active []

[43] [44 <./figure/prices_descriptive.pdf>]
Chapter 4.

LaTeX Warning: No positions in optional float specifier.
               Default added (so using `tbp') on input line 777.

[45

]
Underfull \vbox (badness 10000) has occurred while \output is active []

[46]
Underfull \vbox (badness 10000) has occurred while \output is active []

[47]
<figure/posterior-distributions.pdf, id=916, 739.76375pt x 386.44376pt>
File: figure/posterior-distributions.pdf Graphic file (type pdf)
<use figure/posterior-distributions.pdf>
Package pdftex.def Info: figure/posterior-distributions.pdf  used on input line 837.
(pdftex.def)             Requested size: 433.62pt x 226.51978pt.
[48] [49 <./figure/posterior-distributions.pdf>]
<figure/b1_prediction.pdf, id=939, 682.55pt x 385.44pt>
File: figure/b1_prediction.pdf Graphic file (type pdf)
<use figure/b1_prediction.pdf>
Package pdftex.def Info: figure/b1_prediction.pdf  used on input line 852.
(pdftex.def)             Requested size: 433.62pt x 244.86931pt.

LaTeX Warning: Reference `empirical-model' on page 50 undefined on input line 858.

[50 <./figure/b1_prediction.pdf>]
<figure/bm2_prediction.pdf, id=965, 668.4975pt x 341.275pt>
File: figure/bm2_prediction.pdf Graphic file (type pdf)
<use figure/bm2_prediction.pdf>
Package pdftex.def Info: figure/bm2_prediction.pdf  used on input line 865.
(pdftex.def)             Requested size: 450.96188pt x 230.2257pt.

Overfull \hbox (17.34189pt too wide) in paragraph at lines 865--866
 [][] 
 []


Underfull \vbox (badness 10000) has occurred while \output is active []

[51]
Underfull \vbox (badness 3679) has occurred while \output is active []

[52 <./figure/bm2_prediction.pdf>]
<figure/carrier_heterogeneity_plot.pdf, id=996, 505.89pt x 361.35pt>
File: figure/carrier_heterogeneity_plot.pdf Graphic file (type pdf)
<use figure/carrier_heterogeneity_plot.pdf>
Package pdftex.def Info: figure/carrier_heterogeneity_plot.pdf  used on input line 884.
(pdftex.def)             Requested size: 346.89731pt x 247.78792pt.

Underfull \vbox (badness 7759) has occurred while \output is active []

[53] [54 <./figure/carrier_heterogeneity_plot.pdf>]
<figure/posterior-distribution-interaction.pdf, id=1018, 614.295pt x 341.275pt>
File: figure/posterior-distribution-interaction.pdf Graphic file (type pdf)
<use figure/posterior-distribution-interaction.pdf>
Package pdftex.def Info: figure/posterior-distribution-interaction.pdf  used on input line 897.
(pdftex.def)             Requested size: 433.62pt x 240.90092pt.
<figure/elasticity_predictions_subsample.pdf, id=1021, 566.115pt x 572.1375pt>
File: figure/elasticity_predictions_subsample.pdf Graphic file (type pdf)
<use figure/elasticity_predictions_subsample.pdf>
Package pdftex.def Info: figure/elasticity_predictions_subsample.pdf  used on input line 906.
(pdftex.def)             Requested size: 450.96188pt x 455.77254pt.

Overfull \hbox (17.34189pt too wide) in paragraph at lines 906--907
 [][] 
 []


Underfull \vbox (badness 2245) has occurred while \output is active []

[55 <./figure/posterior-distribution-interaction.pdf>] [56 <./figure/elasticity_predictions_subsample.pdf>]

LaTeX Warning: No positions in optional float specifier.
               Default added (so using `tbp') on input line 917.


Underfull \vbox (badness 2111) has occurred while \output is active []

[57] [58]
Chapter 5.

Underfull \vbox (badness 10000) has occurred while \output is active []

[59

] [60] [61] [62] [63]
Chapter 6.
[64

]
Appendix A.
[65

]
<figure/distribution_degree_days.pdf, id=1118, 381.5856pt x 519.80196pt>
File: figure/distribution_degree_days.pdf Graphic file (type pdf)
<use figure/distribution_degree_days.pdf>
Package pdftex.def Info: figure/distribution_degree_days.pdf  used on input line 1014.
(pdftex.def)             Requested size: 333.88924pt x 454.84938pt.
[66 <./figure/distribution_degree_days.pdf>]
<figure/correlation_matrix.pdf, id=1133, 739.76375pt x 542.025pt>
File: figure/correlation_matrix.pdf Graphic file (type pdf)
<use figure/correlation_matrix.pdf>
Package pdftex.def Info: figure/correlation_matrix.pdf  used on input line 1026.
(pdftex.def)             Requested size: 390.25534pt x 285.9403pt.
[67 <./figure/correlation_matrix.pdf>]

LaTeX Warning: No positions in optional float specifier.
               Default added (so using `tbp') on input line 1036.

[68]
<figure/density-distribution-comparison-samples.pdf, id=1156, 718.685pt x 303.1325pt>
File: figure/density-distribution-comparison-samples.pdf Graphic file (type pdf)
<use figure/density-distribution-comparison-samples.pdf>
Package pdftex.def Info: figure/density-distribution-comparison-samples.pdf  used on input line 1075.
(pdftex.def)             Requested size: 433.62pt x 182.8985pt.
[69 <./figure/density-distribution-comparison-samples.pdf>]
Overfull \hbox (4.37962pt too wide) in alignment at lines 1087--1092
 [] [] [] [] [] [] [] [] 
 []


Overfull \hbox (4.37962pt too wide) in alignment at lines 1092--1094
 [] [] [] [] [] [] [] [] 
 []


Overfull \hbox (4.37962pt too wide) in alignment at lines 1094--1097
 [] [] [] [] [] [] [] [] 
 []


Overfull \hbox (4.37962pt too wide) in alignment at lines 1097--1099
 [] [] [] [] [] [] [] [] 
 []


Overfull \hbox (4.37962pt too wide) in alignment at lines 1099--1183
 [] [] [] [] [] [] [] [] 
 []


Underfull \vbox (badness 10000) has occurred while \output is active []

[70] [71]
<figure/year_state_heterogeneity_plot.pdf, id=1189, 650.43pt x 758.835pt>
File: figure/year_state_heterogeneity_plot.pdf Graphic file (type pdf)
<use figure/year_state_heterogeneity_plot.pdf>
Package pdftex.def Info: figure/year_state_heterogeneity_plot.pdf  used on input line 1192.
(pdftex.def)             Requested size: 433.62pt x 505.9042pt.
[72 <./figure/year_state_heterogeneity_plot.pdf>] [73]
<figure/other_variables_heterogeneity_plot.pdf, id=1214, 722.7pt x 650.43pt>
File: figure/other_variables_heterogeneity_plot.pdf Graphic file (type pdf)
<use figure/other_variables_heterogeneity_plot.pdf>
Package pdftex.def Info: figure/other_variables_heterogeneity_plot.pdf  used on input line 1204.
(pdftex.def)             Requested size: 411.93767pt x 370.74895pt.
[74 <./figure/other_variables_heterogeneity_plot.pdf>]
<figure/plot-model-comparison.pdf, id=1237, 650.43pt x 650.43pt>
File: figure/plot-model-comparison.pdf Graphic file (type pdf)
<use figure/plot-model-comparison.pdf>
Package pdftex.def Info: figure/plot-model-comparison.pdf  used on input line 1216.
(pdftex.def)             Requested size: 433.62pt x 433.63216pt.
[75 <./figure/plot-model-comparison.pdf>]
Underfull \hbox (badness 10000) in paragraph at lines 1239--1241

 []


Underfull \hbox (badness 10000) in paragraph at lines 1242--1244

 []


Overfull \hbox (0.71855pt too wide) in paragraph at lines 1245--1253
[] 
 []

[76

]
Underfull \hbox (badness 10000) in paragraph at lines 1267--1269
\T1/lmr/m/n/12 Re-trieved from []$\T1/lmtt/m/n/12 https : / / ag -[] energiebilanzen . de / daten -[] und -[] fakten /
 []


Underfull \hbox (badness 10000) in paragraph at lines 1285--1287
[]$\T1/lmtt/m/n/12 https : / / www . bmwi . de / Redaktion / DE / Binaer / Energiedaten / energiedaten -[]
 []


Underfull \vbox (badness 10000) has occurred while \output is active []

[77


]
Overfull \hbox (25.87436pt too wide) in paragraph at lines 1297--1299
\T1/lmr/m/n/12 Stan. \T1/lmr/m/it/12 Jour-nal of Sta-tis-ti-cal Soft-ware\T1/lmr/m/n/12 , \T1/lmr/m/it/12 80\T1/lmr/m/n/12 (1), 1--28. http://doi.org/[]10.18637/jss.v080.i01[] 
 []


Underfull \hbox (badness 1014) in paragraph at lines 1300--1302
\T1/lmr/m/n/12 elec-tric-ity de-mand in the Eu-ro-pean Union. \T1/lmr/m/it/12 En-ergy Pol-icy\T1/lmr/m/n/12 , \T1/lmr/m/it/12 137\T1/lmr/m/n/12 , 111079.
 []


Underfull \hbox (badness 1400) in paragraph at lines 1303--1305
\T1/lmr/m/n/12 ity. \T1/lmr/m/it/12 The Jour-nal of Land & Pub-lic Util-ity Eco-nomics\T1/lmr/m/n/12 , \T1/lmr/m/it/12 17\T1/lmr/m/n/12 (2), 242--245.
 []


Underfull \hbox (badness 1565) in paragraph at lines 1309--1311
[]\T1/lmr/m/n/12 DESTATIS. (2021a). Bevölkerung: Kreise, Stich-tag, Al-ters-grup-pen (12411-
 []


Underfull \hbox (badness 1496) in paragraph at lines 1309--1311
\T1/lmr/m/n/12 0017) [Text]. Re-trieved Jan-uary 22, 2022, from []$\T1/lmtt/m/n/12 https : / / www -[] genesis .
 []


Underfull \hbox (badness 10000) in paragraph at lines 1309--1311
\T1/lmtt/m/n/12 destatis . de / genesis / online ? operation = previous & levelindex = 0 & step =
 []


Underfull \hbox (badness 10000) in paragraph at lines 1309--1311
\T1/lmtt/m/n/12 0 & titel = Tabellenaufbau & levelid = 1642855066461 & acceptscookies = false #
 []


Underfull \hbox (badness 4316) in paragraph at lines 1312--1314
[]\T1/lmr/m/n/12 DESTATIS. (2021b, Novem-ber 12). Ver-braucher-preisin-dex: Deutsch-land,
 []


Underfull \hbox (badness 1817) in paragraph at lines 1312--1314
\T1/lmr/m/n/12 Jahre (61111-0001). Re-trieved Novem-ber 12, 2021, from []$\T1/lmtt/m/n/12 https : / / www -[]
 []


Underfull \hbox (badness 10000) in paragraph at lines 1312--1314
\T1/lmtt/m/n/12 genesis . destatis . de / genesis / /online ? operation = table & code = 61111 -[]
 []


Underfull \vbox (badness 10000) has occurred while \output is active []

[78]
Underfull \hbox (badness 1509) in paragraph at lines 1336--1338
[]\T1/lmr/m/n/12 Hennes, O., Jeddi, S., Madlener, R., Schmitz, H., Wag-ner, J., Wolff, S.,
 []


Underfull \hbox (badness 1253) in paragraph at lines 1336--1338
\T1/lmr/m/n/12 & Zinke, J. (2021). Auswirkun-gen von CO2-Preisen auf den Gebäude[],
 []


Overfull \hbox (27.08379pt too wide) in paragraph at lines 1342--1344
\T1/lmr/m/it/12 tis-ti-cal As-so-ci-a-tion\T1/lmr/m/n/12 , \T1/lmr/m/it/12 81\T1/lmr/m/n/12 (396), 945--960. http://doi.org/[]10.1080/01621459.1986.10478354[] 
 []


Underfull \hbox (badness 1082) in paragraph at lines 1348--1350
[]\T1/lmr/m/n/12 IWU. (2021, Oc-to-ber 7). IWU-Tool ^^RGradtagzahlen-Deutschland.xlsx``. Re-
 []


Underfull \hbox (badness 10000) in paragraph at lines 1348--1350
\T1/lmr/m/n/12 trieved Jan-uary 22, 2022, from []$\T1/lmtt/m/n/12 https : / / www . iwu . de / publikationen /
 []


Underfull \hbox (badness 1043) in paragraph at lines 1354--1356
\T1/lmr/m/n/12 on the price elas-tic-ity of en-ergy de-mand. \T1/lmr/m/it/12 En-ergy Pol-icy\T1/lmr/m/n/12 , \T1/lmr/m/it/12 102\T1/lmr/m/n/12 , 549--568.
 []


Underfull \vbox (badness 10000) has occurred while \output is active []

[79]
Overfull \hbox (16.4504pt too wide) in paragraph at lines 1369--1371
\T1/lmr/m/it/12 and Stan \T1/lmr/m/n/12 (2nd ed.). Chap-man and Hall/CRC. http://doi.org/[]10.1201/9780429029608[] 
 []


Underfull \hbox (badness 1077) in paragraph at lines 1372--1374
[]\T1/lmr/m/n/12 Meier, H., & Re-hdanz, K. (2010). De-ter-mi-nants of res-i-den-tial space heat-
 []


Underfull \hbox (badness 1789) in paragraph at lines 1372--1374
\T1/lmr/m/n/12 ing ex-pen-di-tures in Great Britain. \T1/lmr/m/it/12 En-ergy Eco-nomics\T1/lmr/m/n/12 , \T1/lmr/m/it/12 32\T1/lmr/m/n/12 (5), 949--959.
 []


Underfull \hbox (badness 2343) in paragraph at lines 1378--1380
[]\T1/lmr/m/n/12 Miller, M., & Al-berini, A. (2016). Sen-si-tiv-ity of price elas-tic-ity of de-
 []


Underfull \hbox (badness 2573) in paragraph at lines 1378--1380
\T1/lmr/m/n/12 mand to ag-gre-ga-tion, un-ob-served het-ero-gene-ity, price trends, and price
 []


Underfull \hbox (badness 2726) in paragraph at lines 1378--1380
\T1/lmr/m/n/12 en-do-gene-ity: Ev-i-dence from U.S. Data. \T1/lmr/m/it/12 En-ergy Pol-icy\T1/lmr/m/n/12 , \T1/lmr/m/it/12 97\T1/lmr/m/n/12 , 235--249.
 []


Underfull \hbox (badness 1776) in paragraph at lines 1381--1383
\T1/lmr/m/it/12 nal: Pro-mot-ing Com-mu-ni-ca-tions on Statis-tics and Stata\T1/lmr/m/n/12 , \T1/lmr/m/it/12 7\T1/lmr/m/n/12 (4), 507--541.
 []


Underfull \hbox (badness 10000) in paragraph at lines 1384--1386
\T1/lmtt/m/n/12 / / blog . suche -[] postleitzahl . org / post / 132153774751 / einwohnerzahl -[] auf -[]
 []


Underfull \vbox (badness 10000) has occurred while \output is active []

[80]
Overfull \hbox (22.388pt too wide) in paragraph at lines 1393--1395
\T1/lmr/m/n/12 many. \T1/lmr/m/it/12 En-ergy Eco-nomics\T1/lmr/m/n/12 , \T1/lmr/m/it/12 29\T1/lmr/m/n/12 (2), 167--182. http://doi.org/[]10.1016/j.eneco.2006.04.002[] 
 []


Underfull \hbox (badness 3758) in paragraph at lines 1399--1401
\T1/lmr/m/it/12 und den Verkehrssek-tor in Deutsch-land\T1/lmr/m/n/12 . Re-trieved from []$\T1/lmtt/m/n/12 https : / / ag -[]
 []


Underfull \hbox (badness 10000) in paragraph at lines 1399--1401
\T1/lmtt/m/n/12 energiebilanzen . de / wp -[] content / uploads / 2020 / 10 / rwi _ anwendungsbilanz _
 []


Overfull \hbox (51.0708pt too wide) in paragraph at lines 1405--1407
\T1/lmr/m/n/12 mand in Ger-many. \T1/lmr/m/it/12 En-ergy Pol-icy\T1/lmr/m/n/12 , \T1/lmr/m/it/12 102\T1/lmr/m/n/12 , 512--528. http://doi.org/[]10.1016/j.enpol.2016.12.055[] 
 []


Underfull \vbox (badness 10000) has occurred while \output is active []

[81]
Underfull \hbox (badness 10000) in paragraph at lines 1423--1425
[]$\T1/lmtt/m/n/12 https : / / www . techem . com / content / dam / techem / newsroom / studien / Techem -[]
 []


Underfull \hbox (badness 3746) in paragraph at lines 1426--1428
[]\T1/lmr/m/n/12 UBA. (2016). \T1/lmr/m/it/12 CO2-Emissionsfaktoren für fos-sile Brennstoffe\T1/lmr/m/n/12 . Re-trieved
 []


Underfull \hbox (badness 10000) in paragraph at lines 1426--1428
\T1/lmr/m/n/12 from []$\T1/lmtt/m/n/12 https : / / www . umweltbundesamt . de / sites / default / files / medien /
 []


Underfull \hbox (badness 10000) in paragraph at lines 1426--1428
\T1/lmtt/m/n/12 1968 / publikationen / co2 -[] emissionsfaktoren _ fur _ fossile _ brennstoffe _
 []

[82] (./thesis.aux)

LaTeX Warning: There were undefined references.

Package rerunfilecheck Info: File `thesis.out' has not changed.
(rerunfilecheck)             Checksum: AE1CC383B418CC0590B7A5E657EDC1FE;3790.
 ) 
Here is how much of TeX's memory you used:
 15938 strings out of 479984
 267329 string characters out of 5887164
 610293 words of memory out of 5000000
 33519 multiletter control sequences out of 15000+600000
 545059 words of font info for 85 fonts, out of 8000000 for 9000
 14 hyphenation exceptions out of 8191
 72i,20n,117p,2221b,515s stack positions out of 10000i,1000n,20000p,200000b,200000s

pdfTeX warning (dest): name{ref-vehtari2018loo} has been referenced but does not exist, replaced by a fixed one


pdfTeX warning (dest): name{ref-vehtari_etal17} has been referenced but does not exist, replaced by a fixed one


pdfTeX warning (dest): name{ref-burtless_hausman78} has been referenced but does not exist, replaced by a fixed one


pdfTeX warning (dest): name{ref-havranek_etal12} has been referenced but does not exist, replaced by a fixed one

{/Users/marcblauert/Library/TinyTeX/texmf-dist/fonts/enc/dvips/lm/lm-ec.enc}{/Users/marcblauert/Library/TinyTeX/texmf-dist/fonts/enc/dvips/lm/lm-mathsy.enc}{/Users/marcblauert/Library/TinyTeX/texmf-dist/fonts/enc/dvips/lm/lm-mathit.enc}{/Users/marcblauert/Library/TinyTeX/texmf-dist/fonts/enc/dvips/lm/lm-rm.enc}{/Users/marcblauert/Library/TinyTeX/texmf-dist/fonts/enc/dvips/lm/lm-ts1.enc}</Users/marcblauert/Library/TinyTeX/texmf-dist/fonts/type1/public/lm/lmbx12.pfb></Users/marcblauert/Library/TinyTeX/texmf-dist/fonts/type1/public/lm/lmbx6.pfb></Users/marcblauert/Library/TinyTeX/texmf-dist/fonts/type1/public/lm/lmmi10.pfb></Users/marcblauert/Library/TinyTeX/texmf-dist/fonts/type1/public/lm/lmmi12.pfb></Users/marcblauert/Library/TinyTeX/texmf-dist/fonts/type1/public/lm/lmmi7.pfb></Users/marcblauert/Library/TinyTeX/texmf-dist/fonts/type1/public/lm/lmmi8.pfb></Users/marcblauert/Library/TinyTeX/texmf-dist/fonts/type1/public/lm/lmr10.pfb></Users/marcblauert/Library/TinyTeX/texmf-dist/fonts/type1/public/lm/lmr12.pfb></Users/marcblauert/Library/TinyTeX/texmf-dist/fonts/type1/public/lm/lmr6.pfb></Users/marcblauert/Library/TinyTeX/texmf-dist/fonts/type1/public/lm/lmr7.pfb></Users/marcblauert/Library/TinyTeX/texmf-dist/fonts/type1/public/lm/lmr8.pfb></Users/marcblauert/Library/TinyTeX/texmf-dist/fonts/type1/public/lm/lmri10.pfb></Users/marcblauert/Library/TinyTeX/texmf-dist/fonts/type1/public/lm/lmri12.pfb></Users/marcblauert/Library/TinyTeX/texmf-dist/fonts/type1/public/lm/lmri7.pfb></Users/marcblauert/Library/TinyTeX/texmf-dist/fonts/type1/public/lm/lmro12.pfb></Users/marcblauert/Library/TinyTeX/texmf-dist/fonts/type1/public/lm/lmsy10.pfb></Users/marcblauert/Library/TinyTeX/texmf-dist/fonts/type1/public/lm/lmsy6.pfb></Users/marcblauert/Library/TinyTeX/texmf-dist/fonts/type1/public/lm/lmsy8.pfb></Users/marcblauert/Library/TinyTeX/texmf-dist/fonts/type1/public/lm/lmtt10.pfb></Users/marcblauert/Library/TinyTeX/texmf-dist/fonts/type1/public/lm/lmtt12.pfb>
Output written on thesis.pdf (89 pages, 11462024 bytes).
PDF statistics:
 1517 PDF objects out of 1728 (max. 8388607)
 1249 compressed objects within 13 object streams
 254 named destinations out of 1000 (max. 500000)
 279 words of extra memory for PDF output out of 10000 (max. 10000000)

